[2026-01-14 09:19:40] [SEVERE] [Main lambda$main$0] Exception in thread Thread-0: java.lang.IllegalStateException: Expected BEGIN_OBJECT but was STRING at line 1 column 1 path $. 
[2026-01-14 09:58:56] [SEVERE] [Main lambda$main$0] Exception in thread main: Index 0 out of bounds for length 0. 
[2026-01-14 09:59:54] [SEVERE] [Main lambda$main$0] Exception in thread main: Index 0 out of bounds for length 0. 
[2026-01-14 10:04:31] [SEVERE] [GestorCliente run] Exception in thread Thread-1: java.lang.IllegalStateException: Expected BEGIN_OBJECT but was STRING at line 1 column 1 path $. 
[2026-01-14 13:29:31] [SEVERE] [GestorCliente run] Exception in thread Thread-0: java.lang.IllegalStateException: Expected BEGIN_OBJECT but was STRING at line 1 column 1 path $. 
[2026-01-21 22:03:20] [SEVERE] [BBDD inicializarBBDD] Exception in thread Thread-0: Communications link failure

The last packet sent successfully to the server was 0 milliseconds ago. The driver has not received any packets from the server.. 
[2026-01-21 22:07:46] [SEVERE] [BBDD inicializarBBDD] Exception in thread Thread-0: Communications link failure

The last packet sent successfully to the server was 0 milliseconds ago. The driver has not received any packets from the server.. 
[2026-01-21 22:08:57] [SEVERE] [BBDD inicializarBBDD] Exception in thread Thread-0: Communications link failure

The last packet sent successfully to the server was 0 milliseconds ago. The driver has not received any packets from the server.. 
[2026-01-21 22:10:56] [SEVERE] [BBDD inicializarBBDD] Exception in thread Thread-0: Communications link failure

The last packet sent successfully to the server was 0 milliseconds ago. The driver has not received any packets from the server.. 
[2026-01-21 22:24:29] [SEVERE] [GestorCliente run] Exception in thread Thread-1: com.google.gson.stream.MalformedJsonException: Use JsonReader.setLenient(true) to accept malformed JSON at line 1 column 63 path $. 
[2026-01-26 11:19:09] [SEVERE] [BBDD insertarCliente] Exception in thread Thread-0: The url cannot be null. 
[2026-01-26 11:22:47] [SEVERE] [BBDD insertarCliente] Exception in thread Thread-0: The url cannot be null. 
[2026-01-26 11:24:56] [SEVERE] [BBDD insertarCliente] Exception in thread Thread-0: The url cannot be null. 
[2026-01-26 11:27:49] [SEVERE] [BBDD insertarCliente] Exception in thread Thread-0: The url cannot be null. 
[2026-01-26 11:45:03] [SEVERE] [BBDD comprobarCredenciales] Exception in thread Thread-0: Communications link failure

The last packet sent successfully to the server was 0 milliseconds ago. The driver has not received any packets from the server.. 
[2026-01-26 11:50:47] [SEVERE] [BBDD comprobarCredenciales] Exception in thread Thread-0: Communications link failure

The last packet sent successfully to the server was 0 milliseconds ago. The driver has not received any packets from the server.. 
[2026-01-26 11:51:29] [SEVERE] [BBDD comprobarCredenciales] Exception in thread Thread-0: Access denied for user 'root'@'172.18.0.1' (using password: YES). 
[2026-01-26 14:08:48] [SEVERE] [BBDD insertarCliente] Exception in thread Thread-9: Duplicate entry '0' for key 'usuarios.PRIMARY'. 
[2026-01-26 14:12:44] [SEVERE] [BBDD insertarCliente] Exception in thread Thread-11: Duplicate entry '0' for key 'usuarios.PRIMARY'. 
[2026-01-26 14:13:13] [SEVERE] [BBDD insertarCliente] Exception in thread Thread-12: Duplicate entry '0' for key 'usuarios.PRIMARY'. 
[2026-01-26 14:14:09] [SEVERE] [BBDD insertarCliente] Exception in thread Thread-13: Duplicate entry '0' for key 'usuarios.PRIMARY'. 
[2026-01-26 14:15:54] [SEVERE] [BBDD insertarCliente] Exception in thread Thread-14: Duplicate entry '0' for key 'usuarios.PRIMARY'. 
[2026-01-30 08:38:05] [SEVERE] [BBDD comprobarCredenciales] Exception in thread Thread-0: Communications link failure

The last packet sent successfully to the server was 0 milliseconds ago. The driver has not received any packets from the server.. 
[2026-01-30 08:38:24] [SEVERE] [BBDD comprobarCredenciales] Exception in thread Thread-1: Communications link failure

The last packet sent successfully to the server was 0 milliseconds ago. The driver has not received any packets from the server.. 
[2026-01-30 08:38:27] [SEVERE] [BBDD comprobarCredenciales] Exception in thread Thread-2: Communications link failure

The last packet sent successfully to the server was 0 milliseconds ago. The driver has not received any packets from the server.. 
[2026-01-30 08:38:50] [SEVERE] [BBDD comprobarCredenciales] Exception in thread Thread-3: Communications link failure

The last packet sent successfully to the server was 0 milliseconds ago. The driver has not received any packets from the server.. 
[2026-01-30 08:39:40] [SEVERE] [BBDD comprobarCredenciales] Exception in thread Thread-4: Communications link failure

The last packet sent successfully to the server was 0 milliseconds ago. The driver has not received any packets from the server.. 
[2026-01-30 08:42:35] [SEVERE] [BBDD comprobarCredenciales] Exception in thread Thread-5: Communications link failure

The last packet sent successfully to the server was 0 milliseconds ago. The driver has not received any packets from the server.. 
[2026-01-30 08:55:56] [SEVERE] [BBDD comprobarCredenciales] Exception in thread Thread-0: Communications link failure

The last packet sent successfully to the server was 0 milliseconds ago. The driver has not received any packets from the server.. 
[2026-01-30 09:40:54] [SEVERE] [BBDD insertarCliente] Exception in thread Thread-63: Duplicate entry '5-2026-01-30 08:40:54' for key 'logs.PRIMARY'. 
